0 info it worked if it ends with ok
1 verbose cli [ 'E:\\Work Files\\nodejs\\node.exe',
1 verbose cli   'E:\\Work Files\\nodejs\\node_modules\\npm\\bin\\npm-cli.js',
1 verbose cli   'start' ]
2 info using npm@3.9.3
3 info using node@v6.2.1
4 verbose run-script [ 'prestart', 'start', 'poststart' ]
5 info lifecycle chatroom@2.0.0~prestart: chatroom@2.0.0
6 silly lifecycle chatroom@2.0.0~prestart: no script for prestart, continuing
7 info lifecycle chatroom@2.0.0~start: chatroom@2.0.0
8 verbose lifecycle chatroom@2.0.0~start: unsafe-perm in lifecycle true
9 verbose lifecycle chatroom@2.0.0~start: PATH: E:\Work Files\nodejs\node_modules\npm\bin\node-gyp-bin;E:\Github\WeiGroup\node_modules\.bin;E:\Work Files\nodejs;C:\Users\Changxin\bin;E:\Program Files\Git\mingw64\bin;E:\Program Files\Git\usr\local\bin;E:\Program Files\Git\usr\bin;E:\Program Files\Git\usr\bin;E:\Program Files\Git\mingw64\bin;E:\Program Files\Git\usr\bin;C:\Users\Changxin\bin;C:\ProgramData\Oracle\Java\javapath;C:\Program Files (x86)\Common Files\NetSarang;C:\Program Files (x86)\Intel\iCLS Client;C:\Program Files\Intel\iCLS Client;C:\Windows\system32;C:\Windows;C:\Windows\System32\Wbem;C:\Windows\System32\WindowsPowerShell\v1.0;C:\Program Files\Intel\Intel(R) Management Engine Components\DAL;C:\Program Files\Intel\Intel(R) Management Engine Components\IPT;C:\Program Files (x86)\Intel\Intel(R) Management Engine Components\DAL;C:\Program Files (x86)\Intel\Intel(R) Management Engine Components\IPT;C:\Program Files (x86)\NVIDIA Corporation\PhysX\Common;C:\WINDOWS\system32;C:\WINDOWS;C:\WINDOWS\System32\Wbem;C:\WINDOWS\System32\WindowsPowerShell\v1.0;E:\Work Files\Ruby23-x64\bin;E:\python;E:\python\Scripts;E:\Work Files\Java\jdk1.8.0_74\bin;%localappdata%\Microsoft\WindowsApps;C:\Program Files (x86)\Microsoft SQL Server\100\Tools\Binn;C:\Program Files\Microsoft SQL Server\100\Tools\Binn;C:\Program Files\Microsoft SQL Server\100\DTS\Binn;C:\Program Files (x86)\Microsoft SQL Server\100\Tools\Binn\VSShell\Common7\IDE;C:\Program Files (x86)\Microsoft SQL Server\100\DTS\Binn;C:\Program Files (x86)\Microsoft Visual Studio 9.0\Common7\IDE\PrivateAssemblies;E:\Work Files\nodejs;E:\Github\nvmw;E:\Work Files\php7.1.0;E:\Work Files\MongoDB\bin;E:\Work Files\SVN\bin;C:\WINDOWS\system32\config\systemprofile\.dnx\bin;C:\Program Files\Microsoft DNX\Dnvm;C:\Program Files (x86)\Windows Kits\8.1\Windows Performance Toolkit;E:\Work Files\Ruby23-x64\bin;C:\Users\Changxin\AppData\Local\Microsoft\WindowsApps;C:\Users\Changxin\AppData\Local\atom\bin;C:\Users\Changxin\AppData\Roaming\npm;C:\Users\Changxin\AppData\Local\Microsoft\WindowsApps;E:\Program Files\Git\usr\bin\vendor_perl;E:\Program Files\Git\usr\bin\core_perl
10 verbose lifecycle chatroom@2.0.0~start: CWD: E:\Github\WeiGroup
11 silly lifecycle chatroom@2.0.0~start: Args: [ '/d /s /c', 'node ./server/bin/www' ]
12 silly lifecycle chatroom@2.0.0~start: Returned: code: 1  signal: null
13 info lifecycle chatroom@2.0.0~start: Failed to exec start script
14 verbose stack Error: chatroom@2.0.0 start: `node ./server/bin/www`
14 verbose stack Exit status 1
14 verbose stack     at EventEmitter.<anonymous> (E:\Work Files\nodejs\node_modules\npm\lib\utils\lifecycle.js:245:16)
14 verbose stack     at emitTwo (events.js:106:13)
14 verbose stack     at EventEmitter.emit (events.js:191:7)
14 verbose stack     at ChildProcess.<anonymous> (E:\Work Files\nodejs\node_modules\npm\lib\utils\spawn.js:24:14)
14 verbose stack     at emitTwo (events.js:106:13)
14 verbose stack     at ChildProcess.emit (events.js:191:7)
14 verbose stack     at maybeClose (internal/child_process.js:852:16)
14 verbose stack     at Process.ChildProcess._handle.onexit (internal/child_process.js:215:5)
15 verbose pkgid chatroom@2.0.0
16 verbose cwd E:\Github\WeiGroup
17 error Windows_NT 10.0.14393
18 error argv "E:\\Work Files\\nodejs\\node.exe" "E:\\Work Files\\nodejs\\node_modules\\npm\\bin\\npm-cli.js" "start"
19 error node v6.2.1
20 error npm  v3.9.3
21 error code ELIFECYCLE
22 error chatroom@2.0.0 start: `node ./server/bin/www`
22 error Exit status 1
23 error Failed at the chatroom@2.0.0 start script 'node ./server/bin/www'.
23 error Make sure you have the latest version of node.js and npm installed.
23 error If you do, this is most likely a problem with the chatroom package,
23 error not with npm itself.
23 error Tell the author that this fails on your system:
23 error     node ./server/bin/www
23 error You can get information on how to open an issue for this project with:
23 error     npm bugs chatroom
23 error Or if that isn't available, you can get their info via:
23 error     npm owner ls chatroom
23 error There is likely additional logging output above.
24 verbose exit [ 1, true ]
